[Tue Feb  5 15:22:04 2019] Provided cluster nodes: 50
[Tue Feb  5 15:22:04 2019] Job counts:
	count	jobs
	1	all
	1	haplotype_caller
	2
[Tue Feb  5 15:22:05 2019] 
[Tue Feb  5 15:22:05 2019] rule haplotype_caller:
    input: /scratch/perino/F1_genotyping/mapping/parental_F1_vgn_trimmed_rmduplicates_annot_BQSR.bam, /scratch/perino/F1_genotyping/mapping/parental_F1_DGRP-639_trimmed_rmduplicates_annot_BQSR.bam, /scratch/perino/F1_genotyping/mapping/parental_F1_DGRP-852_trimmed_rmduplicates_annot_BQSR.bam, /scratch/perino/F1_genotyping/mapping/parental_F1_DGRP-712_trimmed_rmduplicates_annot_BQSR.bam, /scratch/perino/F1_genotyping/mapping/parental_F1_DGRP-57_trimmed_rmduplicates_annot_BQSR.bam, /scratch/perino/F1_genotyping/mapping/parental_F1_DGRP-714_trimmed_rmduplicates_annot_BQSR.bam, /scratch/perino/F1_genotyping/mapping/parental_F1_DGRP-399_trimmed_rmduplicates_annot_BQSR.bam, /scratch/perino/F1_genotyping/mapping/parental_F1_DGRP-307_trimmed_rmduplicates_annot_BQSR.bam, /scratch/perino/F1_genotyping/mapping/parental_F1_DGRP-28_trimmed_rmduplicates_annot_BQSR.bam, /g/furlong/genome/D.melanogaster/Dm6_Wolbachia/fasta/dm6.AE017196.fasta
    output: /g/furlong/project/71_F1_parental_genotyping/analysis/GATK_variant_call/Haplotype_joint_call.vcf
    jobid: 1
[Tue Feb  5 15:22:05 2019] 
[Tue Feb  5 15:22:13 2019] Terminating processes on user request.
[Tue Feb  5 15:22:13 2019] Will exit after finishing currently running jobs.
[Tue Feb  5 15:22:14 2019] Removing output files of failed job haplotype_caller since they might be corrupted:
/g/furlong/project/71_F1_parental_genotyping/analysis/GATK_variant_call/Haplotype_joint_call.vcf
[Tue Feb  5 15:22:31 2019] Provided cluster nodes: 50
[Tue Feb  5 15:22:31 2019] Job counts:
	count	jobs
	1	all
	1	haplotype_caller
	2
[Tue Feb  5 15:22:31 2019] 
[Tue Feb  5 15:22:31 2019] rule haplotype_caller:
    input: /scratch/perino/F1_genotyping/mapping/parental_F1_vgn_trimmed_rmduplicates_annot_BQSR.bam, /scratch/perino/F1_genotyping/mapping/parental_F1_DGRP-639_trimmed_rmduplicates_annot_BQSR.bam, /scratch/perino/F1_genotyping/mapping/parental_F1_DGRP-852_trimmed_rmduplicates_annot_BQSR.bam, /scratch/perino/F1_genotyping/mapping/parental_F1_DGRP-712_trimmed_rmduplicates_annot_BQSR.bam, /scratch/perino/F1_genotyping/mapping/parental_F1_DGRP-57_trimmed_rmduplicates_annot_BQSR.bam, /scratch/perino/F1_genotyping/mapping/parental_F1_DGRP-714_trimmed_rmduplicates_annot_BQSR.bam, /scratch/perino/F1_genotyping/mapping/parental_F1_DGRP-399_trimmed_rmduplicates_annot_BQSR.bam, /scratch/perino/F1_genotyping/mapping/parental_F1_DGRP-307_trimmed_rmduplicates_annot_BQSR.bam, /scratch/perino/F1_genotyping/mapping/parental_F1_DGRP-28_trimmed_rmduplicates_annot_BQSR.bam, /g/furlong/genome/D.melanogaster/Dm6_Wolbachia/fasta/dm6.AE017196.fasta
    output: /g/furlong/project/71_F1_parental_genotyping/analysis/GATK_variant_call/Haplotype_joint_call.vcf
    jobid: 1
[Tue Feb  5 15:22:31 2019] 
[Tue Feb  5 15:23:07 2019] Terminating processes on user request.
[Tue Feb  5 15:23:07 2019] Will exit after finishing currently running jobs.
[Tue Feb  5 15:23:08 2019] Removing output files of failed job haplotype_caller since they might be corrupted:
/g/furlong/project/71_F1_parental_genotyping/analysis/GATK_variant_call/Haplotype_joint_call.vcf
[Mon Feb 11 18:10:36 2019] Provided cluster nodes: 2000
[Mon Feb 11 18:10:36 2019] Job counts:
	count	jobs
	1	all
	2	train_variant_recalibration_SNP
	3
[Mon Feb 11 18:10:36 2019] 
[Mon Feb 11 18:10:36 2019] rule train_variant_recalibration_SNP:
    input: /g/furlong/project/71_F1_parental_genotyping/analysis/GATK_variant_call/Haplotype_joint_call_F1.vcf, /g/furlong/genome/D.melanogaster/Dm6_Wolbachia/fasta/dm6.AE017196.fasta, /g/furlong/project/71_F1_parental_genotyping/analysis/GATK_variant_call/freeze2.liftedoverDm3_HQ_SNP.vcf.bgz
    output: /g/furlong/project/71_F1_parental_genotyping/analysis/GATK_variant_call/SNP.recal, /g/furlong/project/71_F1_parental_genotyping/analysis/GATK_variant_call/SNP.tranches, /g/furlong/project/71_F1_parental_genotyping/analysis/GATK_variant_call/SNP_recalibrate_plots.R
    jobid: 895
    wildcards: mode=SNP
[Mon Feb 11 18:10:36 2019] 
[Mon Feb 11 18:10:36 2019] 
[Mon Feb 11 18:10:36 2019] rule train_variant_recalibration_SNP:
    input: /g/furlong/project/71_F1_parental_genotyping/analysis/GATK_variant_call/Haplotype_joint_call_F1.vcf, /g/furlong/genome/D.melanogaster/Dm6_Wolbachia/fasta/dm6.AE017196.fasta, /g/furlong/project/71_F1_parental_genotyping/analysis/GATK_variant_call/freeze2.liftedoverDm3_HQ_INDEL.vcf.bgz
    output: /g/furlong/project/71_F1_parental_genotyping/analysis/GATK_variant_call/INDEL.recal, /g/furlong/project/71_F1_parental_genotyping/analysis/GATK_variant_call/INDEL.tranches, /g/furlong/project/71_F1_parental_genotyping/analysis/GATK_variant_call/INDEL_recalibrate_plots.R
    jobid: 247
    wildcards: mode=INDEL
[Mon Feb 11 18:10:36 2019] 
[Mon Feb 11 18:12:36 2019] Error in job train_variant_recalibration_SNP while creating output files /g/furlong/project/71_F1_parental_genotyping/analysis/GATK_variant_call/INDEL.recal, /g/furlong/project/71_F1_parental_genotyping/analysis/GATK_variant_call/INDEL.tranches, /g/furlong/project/71_F1_parental_genotyping/analysis/GATK_variant_call/INDEL_recalibrate_plots.R.
[Mon Feb 11 18:12:36 2019] ClusterJobException in line 107 of /g/furlong/project/71_F1_parental_genotyping/src/snakemake/GATK_VARIANT_CALL/Snakefile:
Error executing rule train_variant_recalibration_SNP on cluster (jobid: 247, external: Submitted batch job 27918948, jobscript: /g/furlong/project/71_F1_parental_genotyping/src/snakemake/GATK_VARIANT_CALL/.snakemake/tmp.kx9zi1qq/snakejob.train_variant_recalibration_SNP.247.sh). For detailed error see the cluster log.
[Mon Feb 11 18:12:36 2019] Job failed, going on with independent jobs.
[Mon Feb 11 18:16:06 2019] Error in job train_variant_recalibration_SNP while creating output files /g/furlong/project/71_F1_parental_genotyping/analysis/GATK_variant_call/SNP.recal, /g/furlong/project/71_F1_parental_genotyping/analysis/GATK_variant_call/SNP.tranches, /g/furlong/project/71_F1_parental_genotyping/analysis/GATK_variant_call/SNP_recalibrate_plots.R.
[Mon Feb 11 18:16:06 2019] ClusterJobException in line 107 of /g/furlong/project/71_F1_parental_genotyping/src/snakemake/GATK_VARIANT_CALL/Snakefile:
Error executing rule train_variant_recalibration_SNP on cluster (jobid: 895, external: Submitted batch job 27918947, jobscript: /g/furlong/project/71_F1_parental_genotyping/src/snakemake/GATK_VARIANT_CALL/.snakemake/tmp.kx9zi1qq/snakejob.train_variant_recalibration_SNP.895.sh). For detailed error see the cluster log.
[Mon Feb 11 18:16:06 2019] Job failed, going on with independent jobs.
[Mon Feb 11 18:16:07 2019] Exiting because a job execution failed. Look above for error message
